{"log_type":0,"peer_id":1,"match_info":{}}
{"frame_type":2,"tick":-2,"start_time":1651880251503,"end_time":1651880251503,"duration":0.045,"log_type":1}
{"frame_type":1,"tick":-1,"start_time":1651880251520,"input_complete_tick":0,"state_complete_tick":0,"input_tick":1,"end_time":1651880251520,"duration":0.193,"log_type":1}
{"log_type":3,"tick":1,"input":{"1":{"/root/Main/ServerPlayer":{"mouse_motion":{"_":"Vector2","x":-17,"y":121}},"$":2385565620}}}
{"frame_type":2,"tick":-1,"start_time":1651880251537,"end_time":1651880251537,"duration":0.12,"log_type":1}
{"frame_type":1,"tick":0,"start_time":1651880251554,"input_complete_tick":1,"state_complete_tick":0,"input_tick":2,"end_time":1651880251554,"duration":0.164,"log_type":1}
{"log_type":3,"tick":2,"input":{"1":{"/root/Main/ServerPlayer":{"mouse_motion":{"_":"Vector2","x":0,"y":0}},"$":1525204176}}}
{"frame_type":2,"tick":0,"start_time":1651880251570,"end_time":1651880251570,"duration":0.104,"log_type":1}
{"log_type":2,"tick":0,"state":{"/root/SyncManager/SpawnManager":{"spawn_records":{},"counter":{}},"/root/Main/ServerPlayer":{"position":{"_":"Vector3","x":0,"y":0},"speed":0,"last_input_vector":{"_":"Vector3","x":0,"y":0},"health":100,"network_rotation_degrees":{"_":"Vector3","x":0,"y":0},"network_head_angle":0},"/root/Main/ClientPlayer":{"position":{"_":"Vector3","x":0,"y":0},"speed":0,"last_input_vector":{"_":"Vector3","x":0,"y":0},"health":100,"network_rotation_degrees":{"_":"Vector3","x":0,"y":0},"network_head_angle":0},"$":271111362}}
{"frame_type":1,"tick":1,"start_time":1651880251587,"input_complete_tick":2,"state_complete_tick":0,"input_tick":3,"timings":{"current_tick":0.159},"end_time":1651880251588,"duration":0.677,"log_type":1}
{"log_type":3,"tick":3,"input":{"1":{"/root/Main/ServerPlayer":{"mouse_motion":{"_":"Vector2","x":0,"y":0}},"$":1525204176}}}
{"log_type":2,"tick":1,"state":{"/root/SyncManager/SpawnManager":{"spawn_records":{},"counter":{}},"/root/Main/ServerPlayer":{"position":{"_":"Vector3","x":0,"y":0},"speed":0,"last_input_vector":{"_":"Vector3","x":0,"y":0},"health":100,"network_rotation_degrees":{"_":"Vector3","x":0,"y":0.51},"network_head_angle":-3.63},"/root/Main/ClientPlayer":{"position":{"_":"Vector3","x":0,"y":0},"speed":0,"last_input_vector":{"_":"Vector3","x":0,"y":0},"health":100,"network_rotation_degrees":{"_":"Vector3","x":0,"y":0},"network_head_angle":0},"$":1634809378}}
{"frame_type":2,"tick":1,"start_time":1651880251603,"end_time":1651880251604,"duration":0.373,"log_type":1}
{"frame_type":1,"tick":2,"start_time":1651880251620,"input_complete_tick":3,"state_complete_tick":1,"input_tick":4,"timings":{"current_tick":0.153},"end_time":1651880251621,"duration":0.425,"log_type":1}
{"log_type":3,"tick":4,"input":{"1":{"/root/Main/ServerPlayer":{"mouse_motion":{"_":"Vector2","x":0,"y":0}},"$":1525204176}}}
{"log_type":2,"tick":2,"state":{"/root/SyncManager/SpawnManager":{"spawn_records":{},"counter":{}},"/root/Main/ServerPlayer":{"position":{"_":"Vector3","x":0,"y":0},"speed":0,"last_input_vector":{"_":"Vector3","x":0,"y":0},"health":100,"network_rotation_degrees":{"_":"Vector3","x":0,"y":0},"network_head_angle":0},"/root/Main/ClientPlayer":{"position":{"_":"Vector3","x":0,"y":0},"speed":0,"last_input_vector":{"_":"Vector3","x":0,"y":0},"health":100,"network_rotation_degrees":{"_":"Vector3","x":0,"y":0},"network_head_angle":0},"$":271111362}}
{"frame_type":2,"tick":2,"start_time":1651880251637,"end_time":1651880251637,"duration":0.354,"log_type":1}
{"frame_type":1,"tick":3,"start_time":1651880251654,"input_complete_tick":4,"state_complete_tick":2,"rollback_ticks":1,"timings":{"rollback":0.273,"current_tick":0.099},"input_tick":5,"end_time":1651880251654,"duration":0.609,"log_type":1}
{"log_type":3,"tick":5,"input":{"1":{"/root/Main/ServerPlayer":{"mouse_motion":{"_":"Vector2","x":0,"y":0}},"$":1525204176}}}
{"log_type":2,"tick":3,"state":{"/root/SyncManager/SpawnManager":{"spawn_records":{},"counter":{}},"/root/Main/ServerPlayer":{"position":{"_":"Vector3","x":0,"y":0},"speed":0,"last_input_vector":{"_":"Vector3","x":0,"y":0},"health":100,"network_rotation_degrees":{"_":"Vector3","x":0,"y":0.51},"network_head_angle":-3.63},"/root/Main/ClientPlayer":{"position":{"_":"Vector3","x":0,"y":0},"speed":0,"last_input_vector":{"_":"Vector3","x":0,"y":0},"health":100,"network_rotation_degrees":{"_":"Vector3","x":0,"y":0},"network_head_angle":0},"$":1634809378}}
{"frame_type":2,"tick":3,"start_time":1651880251670,"end_time":1651880251671,"duration":0.382,"log_type":1}
{"frame_type":1,"tick":4,"start_time":1651880251687,"input_complete_tick":5,"state_complete_tick":3,"rollback_ticks":1,"timings":{"rollback":0.362,"current_tick":0.103},"input_tick":6,"end_time":1651880251688,"duration":0.719,"log_type":1}
{"log_type":3,"tick":6,"input":{"1":{"/root/Main/ServerPlayer":{"mouse_motion":{"_":"Vector2","x":0,"y":0}},"$":1525204176}}}
{"log_type":2,"tick":4,"state":{"/root/SyncManager/SpawnManager":{"spawn_records":{},"counter":{}},"/root/Main/ServerPlayer":{"position":{"_":"Vector3","x":0,"y":0},"speed":0,"last_input_vector":{"_":"Vector3","x":0,"y":0},"health":100,"network_rotation_degrees":{"_":"Vector3","x":0,"y":0.51},"network_head_angle":-3.63},"/root/Main/ClientPlayer":{"position":{"_":"Vector3","x":0,"y":0},"speed":0,"last_input_vector":{"_":"Vector3","x":0,"y":0},"health":100,"network_rotation_degrees":{"_":"Vector3","x":0,"y":0},"network_head_angle":0},"$":1634809378}}
{"frame_type":2,"tick":4,"start_time":1651880251704,"end_time":1651880251704,"duration":0.379,"log_type":1}
{"frame_type":1,"tick":5,"start_time":1651880251720,"input_complete_tick":6,"state_complete_tick":4,"rollback_ticks":1,"timings":{"rollback":0.28,"current_tick":0.1},"input_tick":7,"end_time":1651880251721,"duration":0.595,"log_type":1}
{"log_type":3,"tick":7,"input":{"1":{"/root/Main/ServerPlayer":{"mouse_motion":{"_":"Vector2","x":0,"y":0}},"$":1525204176}}}
{"log_type":2,"tick":5,"state":{"/root/SyncManager/SpawnManager":{"spawn_records":{},"counter":{}},"/root/Main/ServerPlayer":{"position":{"_":"Vector3","x":0,"y":0},"speed":0,"last_input_vector":{"_":"Vector3","x":0,"y":0},"health":100,"network_rotation_degrees":{"_":"Vector3","x":0,"y":0.51},"network_head_angle":-3.63},"/root/Main/ClientPlayer":{"position":{"_":"Vector3","x":0,"y":0},"speed":0,"last_input_vector":{"_":"Vector3","x":0,"y":0},"health":100,"network_rotation_degrees":{"_":"Vector3","x":0,"y":0},"network_head_angle":0},"$":1634809378}}
{"frame_type":2,"tick":5,"start_time":1651880251737,"end_time":1651880251737,"duration":0.365,"log_type":1}
{"frame_type":1,"tick":6,"start_time":1651880251754,"input_complete_tick":7,"state_complete_tick":5,"rollback_ticks":5,"timings":{"rollback":0.666,"current_tick":0.103},"input_tick":8,"end_time":1651880251755,"duration":0.996,"log_type":1}
{"log_type":3,"tick":8,"input":{"1":{"/root/Main/ServerPlayer":{"mouse_motion":{"_":"Vector2","x":0,"y":0}},"$":1525204176}}}
{"log_type":2,"tick":6,"state":{"/root/SyncManager/SpawnManager":{"spawn_records":{},"counter":{}},"/root/Main/ServerPlayer":{"position":{"_":"Vector3","x":0,"y":0},"speed":0,"last_input_vector":{"_":"Vector3","x":0,"y":0},"health":100,"network_rotation_degrees":{"_":"Vector3","x":0,"y":0.51},"network_head_angle":-3.63},"/root/Main/ClientPlayer":{"position":{"_":"Vector3","x":0,"y":0},"speed":0,"last_input_vector":{"_":"Vector3","x":0,"y":0},"health":100,"network_rotation_degrees":{"_":"Vector3","x":0,"y":0},"network_head_angle":0},"$":1634809378}}
{"frame_type":2,"tick":6,"start_time":1651880251770,"end_time":1651880251771,"duration":0.394,"log_type":1}
{"frame_type":1,"tick":7,"start_time":1651880251787,"input_complete_tick":8,"state_complete_tick":6,"rollback_ticks":3,"timings":{"rollback":0.493,"current_tick":0.095},"input_tick":9,"end_time":1651880251788,"duration":0.818,"log_type":1}
{"log_type":3,"tick":9,"input":{"1":{"/root/Main/ServerPlayer":{"mouse_motion":{"_":"Vector2","x":0,"y":0}},"$":1525204176}}}
{"log_type":2,"tick":7,"state":{"/root/SyncManager/SpawnManager":{"spawn_records":{},"counter":{}},"/root/Main/ServerPlayer":{"position":{"_":"Vector3","x":0,"y":0},"speed":0,"last_input_vector":{"_":"Vector3","x":0,"y":0},"health":100,"network_rotation_degrees":{"_":"Vector3","x":0,"y":0.51},"network_head_angle":-3.63},"/root/Main/ClientPlayer":{"position":{"_":"Vector3","x":0,"y":0},"speed":0,"last_input_vector":{"_":"Vector3","x":0,"y":0},"health":100,"network_rotation_degrees":{"_":"Vector3","x":0,"y":0},"network_head_angle":0},"$":1634809378}}
{"frame_type":2,"tick":7,"start_time":1651880251804,"end_time":1651880251804,"duration":0.383,"log_type":1}
{"frame_type":1,"tick":8,"start_time":1651880251821,"input_complete_tick":9,"state_complete_tick":7,"rollback_ticks":1,"timings":{"rollback":0.374,"current_tick":0.117},"input_tick":10,"end_time":1651880251822,"duration":0.752,"log_type":1}
{"log_type":3,"tick":10,"input":{"1":{"/root/Main/ServerPlayer":{"mouse_motion":{"_":"Vector2","x":-29,"y":-8}},"$":4288106208}}}
{"log_type":2,"tick":8,"state":{"/root/SyncManager/SpawnManager":{"spawn_records":{},"counter":{}},"/root/Main/ServerPlayer":{"position":{"_":"Vector3","x":0,"y":0},"speed":0,"last_input_vector":{"_":"Vector3","x":0,"y":0},"health":100,"network_rotation_degrees":{"_":"Vector3","x":0,"y":0.51},"network_head_angle":-3.63},"/root/Main/ClientPlayer":{"position":{"_":"Vector3","x":0,"y":0},"speed":0,"last_input_vector":{"_":"Vector3","x":0,"y":0},"health":100,"network_rotation_degrees":{"_":"Vector3","x":0,"y":0},"network_head_angle":0},"$":1634809378}}
{"frame_type":2,"tick":8,"start_time":1651880251837,"end_time":1651880251838,"duration":0.343,"log_type":1}
{"frame_type":1,"tick":9,"start_time":1651880251854,"input_complete_tick":10,"state_complete_tick":8,"rollback_ticks":7,"timings":{"rollback":0.801,"current_tick":0.095},"input_tick":11,"end_time":1651880251855,"duration":1.122,"log_type":1}
{"log_type":3,"tick":11,"input":{"1":{"/root/Main/ServerPlayer":{"mouse_motion":{"_":"Vector2","x":-91,"y":-35}},"$":3589706548}}}
{"log_type":2,"tick":9,"state":{"/root/SyncManager/SpawnManager":{"spawn_records":{},"counter":{}},"/root/Main/ServerPlayer":{"position":{"_":"Vector3","x":0,"y":0},"speed":0,"last_input_vector":{"_":"Vector3","x":0,"y":0},"health":100,"network_rotation_degrees":{"_":"Vector3","x":0,"y":0.51},"network_head_angle":-3.63},"/root/Main/ClientPlayer":{"position":{"_":"Vector3","x":0,"y":0},"speed":0,"last_input_vector":{"_":"Vector3","x":0,"y":0},"health":100,"network_rotation_degrees":{"_":"Vector3","x":0,"y":0},"network_head_angle":0},"$":1634809378}}
{"frame_type":2,"tick":9,"start_time":1651880251870,"end_time":1651880251871,"duration":0.333,"log_type":1}
{"frame_type":1,"tick":10,"start_time":1651880251887,"input_complete_tick":11,"state_complete_tick":9,"rollback_ticks":8,"timings":{"rollback":0.699,"current_tick":0.08},"input_tick":12,"end_time":1651880251888,"duration":0.962,"log_type":1}
{"log_type":3,"tick":12,"input":{"1":{"/root/Main/ServerPlayer":{"mouse_motion":{"_":"Vector2","x":-59,"y":-19}},"$":1928469618}}}
{"log_type":2,"tick":10,"state":{"/root/SyncManager/SpawnManager":{"spawn_records":{},"counter":{}},"/root/Main/ServerPlayer":{"position":{"_":"Vector3","x":0,"y":0},"speed":0,"last_input_vector":{"_":"Vector3","x":0,"y":0},"health":100,"network_rotation_degrees":{"_":"Vector3","x":0,"y":1.38},"network_head_angle":-3.39},"/root/Main/ClientPlayer":{"position":{"_":"Vector3","x":0,"y":0},"speed":0,"last_input_vector":{"_":"Vector3","x":0,"y":0},"health":100,"network_rotation_degrees":{"_":"Vector3","x":0,"y":0},"network_head_angle":0},"$":2427990463}}
{"frame_type":2,"tick":10,"start_time":1651880251904,"end_time":1651880251904,"duration":0.394,"log_type":1}
{"frame_type":1,"tick":11,"start_time":1651880251920,"input_complete_tick":12,"state_complete_tick":10,"rollback_ticks":1,"timings":{"rollback":0.298,"current_tick":0.125},"input_tick":13,"end_time":1651880251921,"duration":0.694,"log_type":1}
{"log_type":3,"tick":13,"input":{"1":{"/root/Main/ServerPlayer":{"mouse_motion":{"_":"Vector2","x":-22,"y":-7}},"$":4002841873}}}
{"log_type":2,"tick":11,"state":{"/root/SyncManager/SpawnManager":{"spawn_records":{},"counter":{}},"/root/Main/ServerPlayer":{"position":{"_":"Vector3","x":0,"y":0},"speed":0,"last_input_vector":{"_":"Vector3","x":0,"y":0},"health":100,"network_rotation_degrees":{"_":"Vector3","x":0,"y":4.11},"network_head_angle":-2.34},"/root/Main/ClientPlayer":{"position":{"_":"Vector3","x":0,"y":0},"speed":0,"last_input_vector":{"_":"Vector3","x":0,"y":0},"health":100,"network_rotation_degrees":{"_":"Vector3","x":0,"y":0},"network_head_angle":0},"$":966556399}}
{"frame_type":2,"tick":11,"start_time":1651880251937,"end_time":1651880251937,"duration":0.304,"log_type":1}
{"frame_type":1,"tick":12,"start_time":1651880251954,"input_complete_tick":13,"state_complete_tick":11,"rollback_ticks":1,"timings":{"rollback":0.203,"current_tick":0.09},"input_tick":14,"end_time":1651880251954,"duration":0.493,"log_type":1}
{"log_type":3,"tick":14,"input":{"1":{"/root/Main/ServerPlayer":{"mouse_motion":{"_":"Vector2","x":-7,"y":-3}},"$":2565614570}}}
{"log_type":2,"tick":12,"state":{"/root/SyncManager/SpawnManager":{"spawn_records":{},"counter":{}},"/root/Main/ServerPlayer":{"position":{"_":"Vector3","x":0,"y":0},"speed":0,"last_input_vector":{"_":"Vector3","x":0,"y":0},"health":100,"network_rotation_degrees":{"_":"Vector3","x":0,"y":5.88},"network_head_angle":-1.77},"/root/Main/ClientPlayer":{"position":{"_":"Vector3","x":0,"y":0},"speed":0,"last_input_vector":{"_":"Vector3","x":0,"y":0},"health":100,"network_rotation_degrees":{"_":"Vector3","x":0,"y":0},"network_head_angle":0},"$":954787596}}
{"frame_type":2,"tick":12,"start_time":1651880251971,"end_time":1651880251971,"duration":0.311,"log_type":1}
{"frame_type":1,"tick":13,"start_time":1651880251987,"input_complete_tick":14,"state_complete_tick":12,"rollback_ticks":5,"timings":{"rollback":0.63,"current_tick":0.108},"input_tick":15,"end_time":1651880251988,"duration":1.007,"log_type":1}
{"log_type":3,"tick":15,"input":{"1":{"/root/Main/ServerPlayer":{"mouse_motion":{"_":"Vector2","x":1,"y":-3}},"$":1801728334}}}
{"log_type":2,"tick":13,"state":{"/root/SyncManager/SpawnManager":{"spawn_records":{},"counter":{}},"/root/Main/ServerPlayer":{"position":{"_":"Vector3","x":0,"y":0},"speed":0,"last_input_vector":{"_":"Vector3","x":0,"y":0},"health":100,"network_rotation_degrees":{"_":"Vector3","x":0,"y":6.54},"network_head_angle":-1.56},"/root/Main/ClientPlayer":{"position":{"_":"Vector3","x":0,"y":0},"speed":0,"last_input_vector":{"_":"Vector3","x":0,"y":0},"health":100,"network_rotation_degrees":{"_":"Vector3","x":0,"y":0},"network_head_angle":0},"$":717005942}}
{"frame_type":2,"tick":13,"start_time":1651880252004,"end_time":1651880252004,"duration":0.33,"log_type":1}
{"frame_type":1,"tick":14,"start_time":1651880252021,"input_complete_tick":15,"state_complete_tick":13,"rollback_ticks":1,"timings":{"rollback":0.252,"current_tick":0.102},"input_tick":16,"end_time":1651880252021,"duration":0.609,"log_type":1}
{"log_type":3,"tick":16,"input":{"1":{"/root/Main/ServerPlayer":{"mouse_motion":{"_":"Vector2","x":70,"y":-24}},"$":2215757260}}}
{"log_type":2,"tick":14,"state":{"/root/SyncManager/SpawnManager":{"spawn_records":{},"counter":{}},"/root/Main/ServerPlayer":{"position":{"_":"Vector3","x":0,"y":0},"speed":0,"last_input_vector":{"_":"Vector3","x":0,"y":0},"health":100,"network_rotation_degrees":{"_":"Vector3","x":0,"y":6.75},"network_head_angle":-1.47},"/root/Main/ClientPlayer":{"position":{"_":"Vector3","x":0,"y":0},"speed":0,"last_input_vector":{"_":"Vector3","x":0,"y":0},"health":100,"network_rotation_degrees":{"_":"Vector3","x":0,"y":0},"network_head_angle":0},"$":701179192}}
{"frame_type":2,"tick":14,"start_time":1651880252038,"end_time":1651880252038,"duration":0.411,"log_type":1}
{"frame_type":1,"tick":15,"start_time":1651880252054,"input_complete_tick":16,"state_complete_tick":14,"rollback_ticks":9,"timings":{"rollback":0.936,"current_tick":0.085},"input_tick":17,"end_time":1651880252055,"duration":1.257,"log_type":1}
{"log_type":3,"tick":17,"input":{"1":{"/root/Main/ServerPlayer":{"mouse_motion":{"_":"Vector2","x":253,"y":-66}},"$":1046807177}}}
{"log_type":2,"tick":15,"state":{"/root/SyncManager/SpawnManager":{"spawn_records":{},"counter":{}},"/root/Main/ServerPlayer":{"position":{"_":"Vector3","x":0,"y":0},"speed":0,"last_input_vector":{"_":"Vector3","x":0,"y":0},"health":100,"network_rotation_degrees":{"_":"Vector3","x":0,"y":6.72},"network_head_angle":-1.38},"/root/Main/ClientPlayer":{"position":{"_":"Vector3","x":0,"y":0},"speed":0,"last_input_vector":{"_":"Vector3","x":0,"y":0},"health":100,"network_rotation_degrees":{"_":"Vector3","x":0,"y":0},"network_head_angle":0},"$":1180265697}}
{"frame_type":2,"tick":15,"start_time":1651880252070,"end_time":1651880252071,"duration":0.328,"log_type":1}
{"frame_type":1,"tick":16,"start_time":1651880252087,"input_complete_tick":17,"state_complete_tick":15,"rollback_ticks":7,"timings":{"rollback":1.138,"current_tick":0.09},"input_tick":18,"end_time":1651880252089,"duration":1.481,"log_type":1}
{"log_type":3,"tick":18,"input":{"1":{"/root/Main/ServerPlayer":{"mouse_motion":{"_":"Vector2","x":268,"y":-31}},"$":2043815627}}}
{"log_type":2,"tick":16,"state":{"/root/SyncManager/SpawnManager":{"spawn_records":{},"counter":{}},"/root/Main/ServerPlayer":{"position":{"_":"Vector3","x":0,"y":0},"speed":0,"last_input_vector":{"_":"Vector3","x":0,"y":0},"health":100,"network_rotation_degrees":{"_":"Vector3","x":0,"y":4.62},"network_head_angle":-0.66},"/root/Main/ClientPlayer":{"position":{"_":"Vector3","x":0,"y":0},"speed":0,"last_input_vector":{"_":"Vector3","x":0,"y":0},"health":100,"network_rotation_degrees":{"_":"Vector3","x":0,"y":0},"network_head_angle":0},"$":1287425205}}
{"frame_type":2,"tick":16,"start_time":1651880252104,"end_time":1651880252104,"duration":0.473,"log_type":1}
{"frame_type":1,"tick":17,"start_time":1651880252122,"input_complete_tick":18,"state_complete_tick":16,"rollback_ticks":6,"timings":{"rollback":0.741,"current_tick":0.089},"input_tick":19,"end_time":1651880252123,"duration":1.079,"log_type":1}
{"log_type":3,"tick":19,"input":{"1":{"/root/Main/ServerPlayer":{"mouse_motion":{"_":"Vector2","x":230,"y":14}},"$":2016319323}}}
{"log_type":2,"tick":17,"state":{"/root/SyncManager/SpawnManager":{"spawn_records":{},"counter":{}},"/root/Main/ServerPlayer":{"position":{"_":"Vector3","x":0,"y":0},"speed":0,"last_input_vector":{"_":"Vector3","x":0,"y":0},"health":100,"network_rotation_degrees":{"_":"Vector3","x":0,"y":-2.97},"network_head_angle":1.32},"/root/Main/ClientPlayer":{"position":{"_":"Vector3","x":0,"y":0},"speed":0,"last_input_vector":{"_":"Vector3","x":0,"y":0},"health":100,"network_rotation_degrees":{"_":"Vector3","x":0,"y":0},"network_head_angle":0},"$":215004495}}
{"frame_type":2,"tick":17,"start_time":1651880252137,"end_time":1651880252137,"duration":0.333,"log_type":1}
{"frame_type":1,"tick":18,"start_time":1651880252154,"input_complete_tick":19,"state_complete_tick":17,"rollback_ticks":9,"timings":{"rollback":0.985,"current_tick":0.086},"input_tick":20,"end_time":1651880252155,"duration":1.311,"log_type":1}
{"log_type":3,"tick":20,"input":{"1":{"/root/Main/ServerPlayer":{"mouse_motion":{"_":"Vector2","x":81,"y":35}},"$":1365312637}}}
{"log_type":2,"tick":18,"state":{"/root/SyncManager/SpawnManager":{"spawn_records":{},"counter":{}},"/root/Main/ServerPlayer":{"position":{"_":"Vector3","x":0,"y":0},"speed":0,"last_input_vector":{"_":"Vector3","x":0,"y":0},"health":100,"network_rotation_degrees":{"_":"Vector3","x":0,"y":-11.01},"network_head_angle":2.25},"/root/Main/ClientPlayer":{"position":{"_":"Vector3","x":0,"y":0},"speed":0,"last_input_vector":{"_":"Vector3","x":0,"y":0},"health":100,"network_rotation_degrees":{"_":"Vector3","x":0,"y":0},"network_head_angle":0},"$":523577400}}
{"frame_type":2,"tick":18,"start_time":1651880252171,"end_time":1651880252171,"duration":0.343,"log_type":1}
{"frame_type":1,"tick":19,"start_time":1651880252187,"input_complete_tick":20,"state_complete_tick":18,"rollback_ticks":7,"timings":{"rollback":0.83,"current_tick":0.093},"input_tick":21,"end_time":1651880252188,"duration":1.195,"log_type":1}
{"log_type":3,"tick":21,"input":{"1":{"/root/Main/ServerPlayer":{"mouse_motion":{"_":"Vector2","x":46,"y":33}},"$":1241773710}}}
{"log_type":2,"tick":19,"state":{"/root/SyncManager/SpawnManager":{"spawn_records":{},"counter":{}},"/root/Main/ServerPlayer":{"position":{"_":"Vector3","x":0,"y":0},"speed":0,"last_input_vector":{"_":"Vector3","x":0,"y":0},"health":100,"network_rotation_degrees":{"_":"Vector3","x":0,"y":-17.91},"network_head_angle":1.83},"/root/Main/ClientPlayer":{"position":{"_":"Vector3","x":0,"y":0},"speed":0,"last_input_vector":{"_":"Vector3","x":0,"y":0},"health":100,"network_rotation_degrees":{"_":"Vector3","x":0,"y":0},"network_head_angle":0},"$":2828402944}}
{"frame_type":2,"tick":19,"start_time":1651880252204,"end_time":1651880252204,"duration":0.34,"log_type":1}
{"frame_type":1,"tick":20,"start_time":1651880252221,"input_complete_tick":21,"state_complete_tick":19,"rollback_ticks":7,"timings":{"rollback":1.062,"current_tick":0.089},"input_tick":22,"end_time":1651880252222,"duration":1.4,"log_type":1}
{"log_type":3,"tick":22,"input":{"1":{"/root/Main/ServerPlayer":{"mouse_motion":{"_":"Vector2","x":17,"y":19}},"$":2194319877}}}
{"log_type":2,"tick":20,"state":{"/root/SyncManager/SpawnManager":{"spawn_records":{},"counter":{}},"/root/Main/ServerPlayer":{"position":{"_":"Vector3","x":0,"y":0},"speed":0,"last_input_vector":{"_":"Vector3","x":0,"y":0},"health":100,"network_rotation_degrees":{"_":"Vector3","x":0,"y":-20.34},"network_head_angle":0.78},"/root/Main/ClientPlayer":{"position":{"_":"Vector3","x":0,"y":0},"speed":0,"last_input_vector":{"_":"Vector3","x":0,"y":0},"health":100,"network_rotation_degrees":{"_":"Vector3","x":0,"y":0},"network_head_angle":0},"$":1767935518}}
{"frame_type":2,"tick":20,"start_time":1651880252237,"end_time":1651880252238,"duration":0.381,"log_type":1}
{"frame_type":1,"tick":21,"start_time":1651880252254,"input_complete_tick":22,"state_complete_tick":20,"rollback_ticks":5,"timings":{"rollback":0.619,"current_tick":0.099},"input_tick":23,"end_time":1651880252255,"duration":0.978,"log_type":1}
{"log_type":3,"tick":23,"input":{"1":{"/root/Main/ServerPlayer":{"mouse_motion":{"_":"Vector2","x":5,"y":12}},"$":3464532153}}}
{"log_type":2,"tick":21,"state":{"/root/SyncManager/SpawnManager":{"spawn_records":{},"counter":{}},"/root/Main/ServerPlayer":{"position":{"_":"Vector3","x":0,"y":0},"speed":0,"last_input_vector":{"_":"Vector3","x":0,"y":0},"health":100,"network_rotation_degrees":{"_":"Vector3","x":0,"y":-21.719999},"network_head_angle":-0.21},"/root/Main/ClientPlayer":{"position":{"_":"Vector3","x":0,"y":0},"speed":0,"last_input_vector":{"_":"Vector3","x":0,"y":0},"health":100,"network_rotation_degrees":{"_":"Vector3","x":0,"y":0},"network_head_angle":0},"$":540481157}}
{"frame_type":2,"tick":21,"start_time":1651880252271,"end_time":1651880252271,"duration":0.309,"log_type":1}
{"frame_type":1,"tick":22,"start_time":1651880252287,"input_complete_tick":23,"state_complete_tick":21,"rollback_ticks":7,"timings":{"rollback":0.821,"current_tick":0.091},"input_tick":24,"end_time":1651880252288,"duration":1.18,"log_type":1}
{"log_type":3,"tick":24,"input":{"1":{"/root/Main/ServerPlayer":{"mouse_motion":{"_":"Vector2","x":-5,"y":9}},"$":3177404820}}}
{"log_type":2,"tick":22,"state":{"/root/SyncManager/SpawnManager":{"spawn_records":{},"counter":{}},"/root/Main/ServerPlayer":{"position":{"_":"Vector3","x":0,"y":0},"speed":0,"last_input_vector":{"_":"Vector3","x":0,"y":0},"health":100,"network_rotation_degrees":{"_":"Vector3","x":0,"y":-22.23},"network_head_angle":-0.78},"/root/Main/ClientPlayer":{"position":{"_":"Vector3","x":0,"y":0},"speed":0,"last_input_vector":{"_":"Vector3","x":0,"y":0},"health":100,"network_rotation_degrees":{"_":"Vector3","x":0,"y":0},"network_head_angle":0},"$":1988304320}}
{"frame_type":2,"tick":22,"start_time":1651880252304,"end_time":1651880252304,"duration":0.321,"log_type":1}
{"frame_type":1,"tick":23,"start_time":1651880252320,"input_complete_tick":24,"state_complete_tick":22,"rollback_ticks":1,"timings":{"rollback":0.242,"current_tick":0.108},"input_tick":25,"end_time":1651880252321,"duration":0.611,"log_type":1}
{"log_type":3,"tick":25,"input":{"1":{"/root/Main/ServerPlayer":{"mouse_motion":{"_":"Vector2","x":-36,"y":22}},"$":3168115728}}}
{"log_type":2,"tick":23,"state":{"/root/SyncManager/SpawnManager":{"spawn_records":{},"counter":{}},"/root/Main/ServerPlayer":{"position":{"_":"Vector3","x":0,"y":0},"speed":0,"last_input_vector":{"_":"Vector3","x":0,"y":0},"health":100,"network_rotation_degrees":{"_":"Vector3","x":0,"y":-22.379999},"network_head_angle":-1.14},"/root/Main/ClientPlayer":{"position":{"_":"Vector3","x":0,"y":0},"speed":0,"last_input_vector":{"_":"Vector3","x":0,"y":0},"health":100,"network_rotation_degrees":{"_":"Vector3","x":0,"y":0},"network_head_angle":0},"$":3153387042}}
{"frame_type":2,"tick":23,"start_time":1651880252337,"end_time":1651880252337,"duration":0.393,"log_type":1}
{"frame_type":1,"tick":24,"start_time":1651880252354,"input_complete_tick":25,"state_complete_tick":23,"rollback_ticks":8,"timings":{"rollback":1.012,"current_tick":0.112},"input_tick":26,"end_time":1651880252355,"duration":1.398,"log_type":1}
{"log_type":3,"tick":26,"input":{"1":{"/root/Main/ServerPlayer":{"mouse_motion":{"_":"Vector2","x":-154,"y":58}},"$":2245896726}}}
{"log_type":2,"tick":24,"state":{"/root/SyncManager/SpawnManager":{"spawn_records":{},"counter":{}},"/root/Main/ServerPlayer":{"position":{"_":"Vector3","x":0,"y":0},"speed":0,"last_input_vector":{"_":"Vector3","x":0,"y":0},"health":100,"network_rotation_degrees":{"_":"Vector3","x":0,"y":-22.23},"network_head_angle":-1.41},"/root/Main/ClientPlayer":{"position":{"_":"Vector3","x":0,"y":0},"speed":0,"last_input_vector":{"_":"Vector3","x":0,"y":0},"health":100,"network_rotation_degrees":{"_":"Vector3","x":0,"y":0},"network_head_angle":0},"$":2259022970}}
{"frame_type":2,"tick":24,"start_time":1651880252370,"end_time":1651880252371,"duration":0.337,"log_type":1}
{"frame_type":1,"tick":25,"start_time":1651880252387,"input_complete_tick":26,"state_complete_tick":24,"rollback_ticks":1,"timings":{"rollback":0.254,"current_tick":0.109},"input_tick":27,"end_time":1651880252388,"duration":0.624,"log_type":1}
{"log_type":3,"tick":27,"input":{"1":{"/root/Main/ServerPlayer":{"mouse_motion":{"_":"Vector2","x":-323,"y":27}},"$":3056978584}}}
{"log_type":2,"tick":25,"state":{"/root/SyncManager/SpawnManager":{"spawn_records":{},"counter":{}},"/root/Main/ServerPlayer":{"position":{"_":"Vector3","x":0,"y":0},"speed":0,"last_input_vector":{"_":"Vector3","x":0,"y":0},"health":100,"network_rotation_degrees":{"_":"Vector3","x":0,"y":-21.15},"network_head_angle":-2.07},"/root/Main/ClientPlayer":{"position":{"_":"Vector3","x":0,"y":0},"speed":0,"last_input_vector":{"_":"Vector3","x":0,"y":0},"health":100,"network_rotation_degrees":{"_":"Vector3","x":0,"y":0},"network_head_angle":0},"$":867229152}}
{"frame_type":2,"tick":25,"start_time":1651880252404,"end_time":1651880252404,"duration":0.333,"log_type":1}
{"frame_type":1,"tick":26,"start_time":1651880252420,"input_complete_tick":27,"state_complete_tick":25,"rollback_ticks":5,"timings":{"rollback":0.571,"current_tick":0.101},"input_tick":28,"end_time":1651880252421,"duration":0.911,"log_type":1}
{"log_type":3,"tick":28,"input":{"1":{"/root/Main/ServerPlayer":{"mouse_motion":{"_":"Vector2","x":-190,"y":-56}},"$":912718740}}}
{"log_type":2,"tick":26,"state":{"/root/SyncManager/SpawnManager":{"spawn_records":{},"counter":{}},"/root/Main/ServerPlayer":{"position":{"_":"Vector3","x":0,"y":0},"speed":0,"last_input_vector":{"_":"Vector3","x":0,"y":0},"health":100,"network_rotation_degrees":{"_":"Vector3","x":0,"y":-16.529999},"network_head_angle":-3.81},"/root/Main/ClientPlayer":{"position":{"_":"Vector3","x":0,"y":0},"speed":0,"last_input_vector":{"_":"Vector3","x":0,"y":0},"health":100,"network_rotation_degrees":{"_":"Vector3","x":0,"y":0},"network_head_angle":0},"$":2804000154}}
{"frame_type":2,"tick":26,"start_time":1651880252437,"end_time":1651880252437,"duration":0.335,"log_type":1}
{"frame_type":1,"tick":27,"start_time":1651880252454,"input_complete_tick":28,"state_complete_tick":26,"rollback_ticks":9,"timings":{"rollback":1.006,"current_tick":0.097},"input_tick":29,"end_time":1651880252455,"duration":1.369,"log_type":1}
{"log_type":3,"tick":29,"input":{"1":{"/root/Main/ServerPlayer":{"mouse_motion":{"_":"Vector2","x":-82,"y":-58}},"$":3186652527}}}
{"log_type":2,"tick":27,"state":{"/root/SyncManager/SpawnManager":{"spawn_records":{},"counter":{}},"/root/Main/ServerPlayer":{"position":{"_":"Vector3","x":0,"y":0},"speed":0,"last_input_vector":{"_":"Vector3","x":0,"y":0},"health":100,"network_rotation_degrees":{"_":"Vector3","x":0,"y":-6.839999},"network_head_angle":-4.62},"/root/Main/ClientPlayer":{"position":{"_":"Vector3","x":0,"y":0},"speed":0,"last_input_vector":{"_":"Vector3","x":0,"y":0},"health":100,"network_rotation_degrees":{"_":"Vector3","x":0,"y":0},"network_head_angle":0},"$":4263655000}}
{"frame_type":2,"tick":27,"start_time":1651880252470,"end_time":1651880252471,"duration":0.337,"log_type":1}
{"frame_type":1,"tick":28,"start_time":1651880252487,"input_complete_tick":29,"state_complete_tick":27,"rollback_ticks":5,"timings":{"rollback":0.65,"current_tick":0.168},"input_tick":30,"end_time":1651880252488,"duration":1.126,"log_type":1}
{"log_type":3,"tick":30,"input":{"1":{"/root/Main/ServerPlayer":{"mouse_motion":{"_":"Vector2","x":-20,"y":-26}},"$":3776811933}}}
{"log_type":2,"tick":28,"state":{"/root/SyncManager/SpawnManager":{"spawn_records":{},"counter":{}},"/root/Main/ServerPlayer":{"position":{"_":"Vector3","x":0,"y":0},"speed":0,"last_input_vector":{"_":"Vector3","x":0,"y":0},"health":100,"network_rotation_degrees":{"_":"Vector3","x":0,"y":-1.139999},"network_head_angle":-2.94},"/root/Main/ClientPlayer":{"position":{"_":"Vector3","x":0,"y":0},"speed":0,"last_input_vector":{"_":"Vector3","x":0,"y":0},"health":100,"network_rotation_degrees":{"_":"Vector3","x":0,"y":0},"network_head_angle":0},"$":1562288475}}
{"frame_type":2,"tick":28,"start_time":1651880252504,"end_time":1651880252504,"duration":0.399,"log_type":1}
{"frame_type":1,"tick":29,"start_time":1651880252521,"input_complete_tick":30,"state_complete_tick":28,"rollback_ticks":4,"timings":{"rollback":0.569,"current_tick":0.103},"input_tick":31,"end_time":1651880252522,"duration":0.939,"log_type":1}
{"log_type":3,"tick":31,"input":{"1":{"/root/Main/ServerPlayer":{"mouse_motion":{"_":"Vector2","x":-1,"y":-19}},"$":259257634}}}
{"log_type":2,"tick":29,"state":{"/root/SyncManager/SpawnManager":{"spawn_records":{},"counter":{}},"/root/Main/ServerPlayer":{"position":{"_":"Vector3","x":0,"y":0},"speed":0,"last_input_vector":{"_":"Vector3","x":0,"y":0},"health":100,"network_rotation_degrees":{"_":"Vector3","x":0,"y":1.320001},"network_head_angle":-1.2},"/root/Main/ClientPlayer":{"position":{"_":"Vector3","x":0,"y":0},"speed":0,"last_input_vector":{"_":"Vector3","x":0,"y":0},"health":100,"network_rotation_degrees":{"_":"Vector3","x":0,"y":0},"network_head_angle":0},"$":523841585}}
{"frame_type":2,"tick":29,"start_time":1651880252538,"end_time":1651880252538,"duration":0.484,"log_type":1}
{"frame_type":1,"tick":30,"start_time":1651880252553,"input_complete_tick":31,"state_complete_tick":29,"rollback_ticks":9,"timings":{"rollback":1.069,"current_tick":0.096},"input_tick":32,"end_time":1651880252555,"duration":1.429,"log_type":1}
{"log_type":3,"tick":32,"input":{"1":{"/root/Main/ServerPlayer":{"mouse_motion":{"_":"Vector2","x":0,"y":0}},"$":1525204176}}}
{"log_type":2,"tick":30,"state":{"/root/SyncManager/SpawnManager":{"spawn_records":{},"counter":{}},"/root/Main/ServerPlayer":{"position":{"_":"Vector3","x":0,"y":0},"speed":0,"last_input_vector":{"_":"Vector3","x":0,"y":0},"health":100,"network_rotation_degrees":{"_":"Vector3","x":0,"y":1.920001},"network_head_angle":-0.42},"/root/Main/ClientPlayer":{"position":{"_":"Vector3","x":0,"y":0},"speed":0,"last_input_vector":{"_":"Vector3","x":0,"y":0},"health":100,"network_rotation_degrees":{"_":"Vector3","x":0,"y":0},"network_head_angle":0},"$":282272283}}
{"frame_type":2,"tick":30,"start_time":1651880252570,"end_time":1651880252570,"duration":0.342,"log_type":1}
{"frame_type":1,"tick":31,"start_time":1651880252588,"input_complete_tick":32,"state_complete_tick":30,"rollback_ticks":3,"timings":{"rollback":0.668,"current_tick":0.147},"input_tick":33,"end_time":1651880252589,"duration":1.191,"log_type":1}
{"log_type":3,"tick":33,"input":{"1":{"/root/Main/ServerPlayer":{"mouse_motion":{"_":"Vector2","x":0,"y":0}},"$":1525204176}}}
{"log_type":2,"tick":31,"state":{"/root/SyncManager/SpawnManager":{"spawn_records":{},"counter":{}},"/root/Main/ServerPlayer":{"position":{"_":"Vector3","x":0,"y":0},"speed":0,"last_input_vector":{"_":"Vector3","x":0,"y":0},"health":100,"network_rotation_degrees":{"_":"Vector3","x":0,"y":1.950001},"network_head_angle":0.15},"/root/Main/ClientPlayer":{"position":{"_":"Vector3","x":0,"y":0},"speed":0,"last_input_vector":{"_":"Vector3","x":0,"y":0},"health":100,"network_rotation_degrees":{"_":"Vector3","x":0,"y":0},"network_head_angle":0},"$":3637955050}}
{"frame_type":2,"tick":31,"start_time":1651880252604,"end_time":1651880252604,"duration":0.406,"log_type":1}
{"frame_type":1,"tick":32,"start_time":1651880252620,"input_complete_tick":33,"state_complete_tick":31,"rollback_ticks":7,"timings":{"rollback":0.854,"current_tick":0.14},"input_tick":34,"end_time":1651880252622,"duration":1.277,"log_type":1}
{"log_type":3,"tick":34,"input":{"1":{"/root/Main/ServerPlayer":{"mouse_motion":{"_":"Vector2","x":0,"y":0}},"$":1525204176}}}
{"log_type":2,"tick":32,"state":{"/root/SyncManager/SpawnManager":{"spawn_records":{},"counter":{}},"/root/Main/ServerPlayer":{"position":{"_":"Vector3","x":0,"y":0},"speed":0,"last_input_vector":{"_":"Vector3","x":0,"y":0},"health":100,"network_rotation_degrees":{"_":"Vector3","x":0,"y":1.950001},"network_head_angle":0.15},"/root/Main/ClientPlayer":{"position":{"_":"Vector3","x":0,"y":0},"speed":0,"last_input_vector":{"_":"Vector3","x":0,"y":0},"health":100,"network_rotation_degrees":{"_":"Vector3","x":0,"y":0},"network_head_angle":0},"$":3637955050}}
{"frame_type":2,"tick":32,"start_time":1651880252637,"end_time":1651880252637,"duration":0.36,"log_type":1}
{"frame_type":1,"tick":33,"start_time":1651880252654,"input_complete_tick":34,"state_complete_tick":32,"rollback_ticks":5,"timings":{"rollback":0.648,"current_tick":0.095},"input_tick":35,"end_time":1651880252655,"duration":1.011,"log_type":1}
{"log_type":3,"tick":35,"input":{"1":{"/root/Main/ServerPlayer":{"mouse_motion":{"_":"Vector2","x":0,"y":0}},"$":1525204176}}}
{"log_type":2,"tick":33,"state":{"/root/SyncManager/SpawnManager":{"spawn_records":{},"counter":{}},"/root/Main/ServerPlayer":{"position":{"_":"Vector3","x":0,"y":0},"speed":0,"last_input_vector":{"_":"Vector3","x":0,"y":0},"health":100,"network_rotation_degrees":{"_":"Vector3","x":0,"y":1.950001},"network_head_angle":0.15},"/root/Main/ClientPlayer":{"position":{"_":"Vector3","x":0,"y":0},"speed":0,"last_input_vector":{"_":"Vector3","x":0,"y":0},"health":100,"network_rotation_degrees":{"_":"Vector3","x":0,"y":0},"network_head_angle":0},"$":3637955050}}
{"frame_type":2,"tick":33,"start_time":1651880252670,"end_time":1651880252671,"duration":0.421,"log_type":1}
{"frame_type":1,"tick":34,"start_time":1651880252687,"input_complete_tick":35,"state_complete_tick":33,"rollback_ticks":6,"timings":{"rollback":0.722,"current_tick":0.109},"input_tick":36,"end_time":1651880252688,"duration":1.098,"log_type":1}
{"log_type":3,"tick":36,"input":{"1":{"/root/Main/ServerPlayer":{"mouse_motion":{"_":"Vector2","x":-1,"y":0}},"$":1672133827}}}
{"log_type":2,"tick":34,"state":{"/root/SyncManager/SpawnManager":{"spawn_records":{},"counter":{}},"/root/Main/ServerPlayer":{"position":{"_":"Vector3","x":0,"y":0},"speed":0,"last_input_vector":{"_":"Vector3","x":0,"y":0},"health":100,"network_rotation_degrees":{"_":"Vector3","x":0,"y":1.950001},"network_head_angle":0.15},"/root/Main/ClientPlayer":{"position":{"_":"Vector3","x":0,"y":0},"speed":0,"last_input_vector":{"_":"Vector3","x":0,"y":0},"health":100,"network_rotation_degrees":{"_":"Vector3","x":0,"y":0},"network_head_angle":0},"$":3637955050}}
{"frame_type":2,"tick":34,"start_time":1651880252704,"end_time":1651880252704,"duration":0.349,"log_type":1}
{"frame_type":1,"tick":35,"start_time":1651880252721,"input_complete_tick":36,"state_complete_tick":34,"rollback_ticks":8,"timings":{"rollback":0.852,"current_tick":0.098},"input_tick":37,"end_time":1651880252722,"duration":1.192,"log_type":1}
{"log_type":3,"tick":37,"input":{"1":{"/root/Main/ServerPlayer":{"mouse_motion":{"_":"Vector2","x":-89,"y":-49}},"$":3262049548}}}
{"log_type":2,"tick":35,"state":{"/root/SyncManager/SpawnManager":{"spawn_records":{},"counter":{}},"/root/Main/ServerPlayer":{"position":{"_":"Vector3","x":0,"y":0},"speed":0,"last_input_vector":{"_":"Vector3","x":0,"y":0},"health":100,"network_rotation_degrees":{"_":"Vector3","x":0,"y":1.950001},"network_head_angle":0.15},"/root/Main/ClientPlayer":{"position":{"_":"Vector3","x":0,"y":0},"speed":0,"last_input_vector":{"_":"Vector3","x":0,"y":0},"health":100,"network_rotation_degrees":{"_":"Vector3","x":0,"y":0},"network_head_angle":0},"$":3637955050}}
{"frame_type":2,"tick":35,"start_time":1651880252737,"end_time":1651880252738,"duration":0.372,"log_type":1}
{"frame_type":1,"tick":36,"start_time":1651880252754,"input_complete_tick":37,"state_complete_tick":35,"rollback_ticks":5,"timings":{"rollback":0.631,"current_tick":0.122},"input_tick":38,"end_time":1651880252755,"duration":1.046,"log_type":1}
{"log_type":3,"tick":38,"input":{"1":{"/root/Main/ServerPlayer":{"mouse_motion":{"_":"Vector2","x":-116,"y":-57}},"$":920460570}}}
{"log_type":2,"tick":36,"state":{"/root/SyncManager/SpawnManager":{"spawn_records":{},"counter":{}},"/root/Main/ServerPlayer":{"position":{"_":"Vector3","x":0,"y":0},"speed":0,"last_input_vector":{"_":"Vector3","x":0,"y":0},"health":100,"network_rotation_degrees":{"_":"Vector3","x":0,"y":1.980001},"network_head_angle":0.15},"/root/Main/ClientPlayer":{"position":{"_":"Vector3","x":0,"y":0},"speed":0,"last_input_vector":{"_":"Vector3","x":0,"y":0},"health":100,"network_rotation_degrees":{"_":"Vector3","x":0,"y":0},"network_head_angle":0},"$":2351555115}}
{"frame_type":2,"tick":36,"start_time":1651880252770,"end_time":1651880252771,"duration":0.303,"log_type":1}
{"frame_type":1,"tick":37,"start_time":1651880252788,"input_complete_tick":38,"state_complete_tick":36,"rollback_ticks":8,"timings":{"rollback":1.008,"current_tick":0.098},"input_tick":39,"end_time":1651880252789,"duration":1.38,"log_type":1}
{"log_type":3,"tick":39,"input":{"1":{"/root/Main/ServerPlayer":{"mouse_motion":{"_":"Vector2","x":-73,"y":-41}},"$":1744528202}}}
{"log_type":2,"tick":37,"state":{"/root/SyncManager/SpawnManager":{"spawn_records":{},"counter":{}},"/root/Main/ServerPlayer":{"position":{"_":"Vector3","x":0,"y":0},"speed":0,"last_input_vector":{"_":"Vector3","x":0,"y":0},"health":100,"network_rotation_degrees":{"_":"Vector3","x":0,"y":4.650002},"network_head_angle":1.62},"/root/Main/ClientPlayer":{"position":{"_":"Vector3","x":0,"y":0},"speed":0,"last_input_vector":{"_":"Vector3","x":0,"y":0},"health":100,"network_rotation_degrees":{"_":"Vector3","x":0,"y":0},"network_head_angle":0},"$":1336281032}}
{"frame_type":2,"tick":37,"start_time":1651880252804,"end_time":1651880252804,"duration":0.327,"log_type":1}
{"frame_type":1,"tick":38,"start_time":1651880252821,"input_complete_tick":39,"state_complete_tick":37,"rollback_ticks":1,"timings":{"rollback":0.254,"current_tick":0.25},"input_tick":40,"end_time":1651880252822,"duration":0.783,"log_type":1}
{"log_type":3,"tick":40,"input":{"1":{"/root/Main/ServerPlayer":{"mouse_motion":{"_":"Vector2","x":-35,"y":-23}},"$":1989096397}}}
{"log_type":2,"tick":38,"state":{"/root/SyncManager/SpawnManager":{"spawn_records":{},"counter":{}},"/root/Main/ServerPlayer":{"position":{"_":"Vector3","x":0,"y":0},"speed":0,"last_input_vector":{"_":"Vector3","x":0,"y":0},"health":100,"network_rotation_degrees":{"_":"Vector3","x":0,"y":8.130001},"network_head_angle":3.33},"/root/Main/ClientPlayer":{"position":{"_":"Vector3","x":0,"y":0},"speed":0,"last_input_vector":{"_":"Vector3","x":0,"y":0},"health":100,"network_rotation_degrees":{"_":"Vector3","x":0,"y":0},"network_head_angle":0},"$":3583149234}}
{"frame_type":2,"tick":38,"start_time":1651880252837,"end_time":1651880252837,"duration":0.307,"log_type":1}
{"frame_type":1,"tick":39,"start_time":1651880252854,"input_complete_tick":40,"state_complete_tick":38,"rollback_ticks":2,"timings":{"rollback":0.395,"current_tick":0.128},"input_tick":41,"end_time":1651880252855,"duration":0.838,"log_type":1}
{"log_type":3,"tick":41,"input":{"1":{"/root/Main/ServerPlayer":{"mouse_motion":{"_":"Vector2","x":-11,"y":-10}},"$":505657966}}}
{"log_type":2,"tick":39,"state":{"/root/SyncManager/SpawnManager":{"spawn_records":{},"counter":{}},"/root/Main/ServerPlayer":{"position":{"_":"Vector3","x":0,"y":0},"speed":0,"last_input_vector":{"_":"Vector3","x":0,"y":0},"health":100,"network_rotation_degrees":{"_":"Vector3","x":0,"y":10.320001},"network_head_angle":4.56},"/root/Main/ClientPlayer":{"position":{"_":"Vector3","x":0,"y":0},"speed":0,"last_input_vector":{"_":"Vector3","x":0,"y":0},"health":100,"network_rotation_degrees":{"_":"Vector3","x":0,"y":0},"network_head_angle":0},"$":1929241274}}
{"frame_type":2,"tick":39,"start_time":1651880252871,"end_time":1651880252872,"duration":0.361,"log_type":1}
{"frame_type":1,"tick":40,"start_time":1651880252888,"input_complete_tick":41,"state_complete_tick":39,"rollback_ticks":9,"timings":{"rollback":1.087,"current_tick":0.089},"input_tick":42,"end_time":1651880252889,"duration":1.431,"log_type":1}
{"log_type":3,"tick":42,"input":{"1":{"/root/Main/ServerPlayer":{"mouse_motion":{"_":"Vector2","x":-11,"y":-16}},"$":3391996254}}}
{"log_type":2,"tick":40,"state":{"/root/SyncManager/SpawnManager":{"spawn_records":{},"counter":{}},"/root/Main/ServerPlayer":{"position":{"_":"Vector3","x":0,"y":0},"speed":0,"last_input_vector":{"_":"Vector3","x":0,"y":0},"health":100,"network_rotation_degrees":{"_":"Vector3","x":0,"y":11.370001},"network_head_angle":5.25},"/root/Main/ClientPlayer":{"position":{"_":"Vector3","x":0,"y":0},"speed":0,"last_input_vector":{"_":"Vector3","x":0,"y":0},"health":100,"network_rotation_degrees":{"_":"Vector3","x":0,"y":0},"network_head_angle":0},"$":3601721320}}
{"frame_type":2,"tick":40,"start_time":1651880252906,"end_time":1651880252906,"duration":0.441,"log_type":1}
{"frame_type":1,"tick":41,"start_time":1651880252920,"input_complete_tick":42,"state_complete_tick":40,"rollback_ticks":9,"timings":{"rollback":0.944,"current_tick":0.079},"input_tick":43,"end_time":1651880252922,"duration":1.257,"log_type":1}
{"log_type":3,"tick":43,"input":{"1":{"/root/Main/ServerPlayer":{"mouse_motion":{"_":"Vector2","x":-8,"y":-16}},"$":719883728}}}
{"log_type":2,"tick":41,"state":{"/root/SyncManager/SpawnManager":{"spawn_records":{},"counter":{}},"/root/Main/ServerPlayer":{"position":{"_":"Vector3","x":0,"y":0},"speed":0,"last_input_vector":{"_":"Vector3","x":0,"y":0},"health":100,"network_rotation_degrees":{"_":"Vector3","x":0,"y":11.700001},"network_head_angle":5.55},"/root/Main/ClientPlayer":{"position":{"_":"Vector3","x":0,"y":0},"speed":0,"last_input_vector":{"_":"Vector3","x":0,"y":0},"health":100,"network_rotation_degrees":{"_":"Vector3","x":0,"y":0},"network_head_angle":0},"$":1123395123}}
{"frame_type":2,"tick":41,"start_time":1651880252939,"end_time":1651880252939,"duration":0.265,"log_type":1}
{"frame_type":1,"tick":42,"start_time":1651880252955,"input_complete_tick":43,"state_complete_tick":41,"rollback_ticks":8,"timings":{"rollback":0.895,"current_tick":0.104},"input_tick":44,"end_time":1651880252956,"duration":1.256,"log_type":1}
{"log_type":3,"tick":44,"input":{"1":{"/root/Main/ServerPlayer":{"mouse_motion":{"_":"Vector2","x":-10,"y":-16}},"$":1026034102}}}
{"log_type":2,"tick":42,"state":{"/root/SyncManager/SpawnManager":{"spawn_records":{},"counter":{}},"/root/Main/ServerPlayer":{"position":{"_":"Vector3","x":0,"y":0},"speed":0,"last_input_vector":{"_":"Vector3","x":0,"y":0},"health":100,"network_rotation_degrees":{"_":"Vector3","x":0,"y":12.030001},"network_head_angle":6.03},"/root/Main/ClientPlayer":{"position":{"_":"Vector3","x":0,"y":0},"speed":0,"last_input_vector":{"_":"Vector3","x":0,"y":0},"health":100,"network_rotation_degrees":{"_":"Vector3","x":0,"y":0},"network_head_angle":0},"$":325743083}}
{"frame_type":2,"tick":42,"start_time":1651880252971,"end_time":1651880252971,"duration":0.352,"log_type":1}
{"frame_type":1,"tick":43,"start_time":1651880252988,"input_complete_tick":44,"state_complete_tick":42,"rollback_ticks":9,"timings":{"rollback":0.954,"current_tick":0.096},"input_tick":45,"end_time":1651880252989,"duration":1.286,"log_type":1}
{"log_type":3,"tick":45,"input":{"1":{"/root/Main/ServerPlayer":{"mouse_motion":{"_":"Vector2","x":-11,"y":-16}},"$":3391996254}}}
{"log_type":2,"tick":43,"state":{"/root/SyncManager/SpawnManager":{"spawn_records":{},"counter":{}},"/root/Main/ServerPlayer":{"position":{"_":"Vector3","x":0,"y":0},"speed":0,"last_input_vector":{"_":"Vector3","x":0,"y":0},"health":100,"network_rotation_degrees":{"_":"Vector3","x":0,"y":12.27},"network_head_angle":6.51},"/root/Main/ClientPlayer":{"position":{"_":"Vector3","x":0,"y":0},"speed":0,"last_input_vector":{"_":"Vector3","x":0,"y":0},"health":100,"network_rotation_degrees":{"_":"Vector3","x":0,"y":0},"network_head_angle":0},"$":2959765652}}
{"frame_type":2,"tick":43,"start_time":1651880253004,"end_time":1651880253004,"duration":0.337,"log_type":1}
{"frame_type":1,"tick":44,"start_time":1651880253021,"input_complete_tick":45,"state_complete_tick":43,"rollback_ticks":6,"timings":{"rollback":0.699,"current_tick":0.086},"input_tick":46,"end_time":1651880253022,"duration":1.028,"log_type":1}
{"log_type":3,"tick":46,"input":{"1":{"/root/Main/ServerPlayer":{"mouse_motion":{"_":"Vector2","x":-6,"y":-5}},"$":1111667231}}}
{"log_type":2,"tick":44,"state":{"/root/SyncManager/SpawnManager":{"spawn_records":{},"counter":{}},"/root/Main/ServerPlayer":{"position":{"_":"Vector3","x":0,"y":0},"speed":0,"last_input_vector":{"_":"Vector3","x":0,"y":0},"health":100,"network_rotation_degrees":{"_":"Vector3","x":0,"y":12.570001},"network_head_angle":6.99},"/root/Main/ClientPlayer":{"position":{"_":"Vector3","x":0,"y":0},"speed":0,"last_input_vector":{"_":"Vector3","x":0,"y":0},"health":100,"network_rotation_degrees":{"_":"Vector3","x":0,"y":0},"network_head_angle":0},"$":1391508253}}
{"frame_type":2,"tick":44,"start_time":1651880253037,"end_time":1651880253038,"duration":0.336,"log_type":1}
{"frame_type":1,"tick":45,"start_time":1651880253054,"input_complete_tick":46,"state_complete_tick":44,"rollback_ticks":3,"timings":{"rollback":0.443,"current_tick":0.119},"input_tick":47,"end_time":1651880253055,"duration":0.821,"log_type":1}
{"log_type":3,"tick":47,"input":{"1":{"/root/Main/ServerPlayer":{"mouse_motion":{"_":"Vector2","x":-6,"y":-1}},"$":1808573709}}}
{"log_type":2,"tick":45,"state":{"/root/SyncManager/SpawnManager":{"spawn_records":{},"counter":{}},"/root/Main/ServerPlayer":{"position":{"_":"Vector3","x":0,"y":0},"speed":0,"last_input_vector":{"_":"Vector3","x":0,"y":0},"health":100,"network_rotation_degrees":{"_":"Vector3","x":0,"y":12.900001},"network_head_angle":7.47},"/root/Main/ClientPlayer":{"position":{"_":"Vector3","x":0,"y":0},"speed":0,"last_input_vector":{"_":"Vector3","x":0,"y":0},"health":100,"network_rotation_degrees":{"_":"Vector3","x":0,"y":0},"network_head_angle":0},"$":2756769389}}
{"frame_type":2,"tick":45,"start_time":1651880253071,"end_time":1651880253071,"duration":0.348,"log_type":1}
{"frame_type":1,"tick":46,"start_time":1651880253087,"input_complete_tick":47,"state_complete_tick":45,"rollback_ticks":9,"timings":{"rollback":0.789,"current_tick":0.078},"input_tick":48,"end_time":1651880253088,"duration":1.086,"log_type":1}
{"log_type":3,"tick":48,"input":{"1":{"/root/Main/ServerPlayer":{"mouse_motion":{"_":"Vector2","x":-2,"y":0}},"$":785532559}}}
{"log_type":2,"tick":46,"state":{"/root/SyncManager/SpawnManager":{"spawn_records":{},"counter":{}},"/root/Main/ServerPlayer":{"position":{"_":"Vector3","x":0,"y":0},"speed":0,"last_input_vector":{"_":"Vector3","x":0,"y":0},"health":100,"network_rotation_degrees":{"_":"Vector3","x":0,"y":13.080001},"network_head_angle":7.62},"/root/Main/ClientPlayer":{"position":{"_":"Vector3","x":0,"y":0},"speed":0,"last_input_vector":{"_":"Vector3","x":0,"y":0},"health":100,"network_rotation_degrees":{"_":"Vector3","x":0,"y":0},"network_head_angle":0},"$":1094644633}}
{"frame_type":2,"tick":46,"start_time":1651880253104,"end_time":1651880253104,"duration":0.323,"log_type":1}
{"frame_type":1,"tick":47,"start_time":1651880253121,"input_complete_tick":48,"state_complete_tick":46,"rollback_ticks":1,"timings":{"rollback":0.362,"current_tick":0.183},"input_tick":49,"end_time":1651880253122,"duration":0.878,"log_type":1}
{"log_type":3,"tick":49,"input":{"1":{"/root/Main/ServerPlayer":{"mouse_motion":{"_":"Vector2","x":0,"y":2}},"$":1343101989}}}
{"log_type":2,"tick":47,"state":{"/root/SyncManager/SpawnManager":{"spawn_records":{},"counter":{}},"/root/Main/ServerPlayer":{"position":{"_":"Vector3","x":0,"y":0},"speed":0,"last_input_vector":{"_":"Vector3","x":0,"y":0},"health":100,"network_rotation_degrees":{"_":"Vector3","x":0,"y":13.260001},"network_head_angle":7.65},"/root/Main/ClientPlayer":{"position":{"_":"Vector3","x":0,"y":0},"speed":0,"last_input_vector":{"_":"Vector3","x":0,"y":0},"health":100,"network_rotation_degrees":{"_":"Vector3","x":0,"y":0},"network_head_angle":0},"$":3735906999}}
{"frame_type":2,"tick":47,"start_time":1651880253138,"end_time":1651880253138,"duration":0.353,"log_type":1}
{"frame_type":1,"tick":48,"start_time":1651880253154,"input_complete_tick":49,"state_complete_tick":47,"rollback_ticks":8,"timings":{"rollback":0.909,"current_tick":0.087},"input_tick":50,"end_time":1651880253155,"duration":1.25,"log_type":1}
{"log_type":3,"tick":50,"input":{"1":{"/root/Main/ServerPlayer":{"mouse_motion":{"_":"Vector2","x":-1,"y":20}},"$":3638345091}}}
{"log_type":2,"tick":48,"state":{"/root/SyncManager/SpawnManager":{"spawn_records":{},"counter":{}},"/root/Main/ServerPlayer":{"position":{"_":"Vector3","x":0,"y":0},"speed":0,"last_input_vector":{"_":"Vector3","x":0,"y":0},"health":100,"network_rotation_degrees":{"_":"Vector3","x":0,"y":13.320002},"network_head_angle":7.65},"/root/Main/ClientPlayer":{"position":{"_":"Vector3","x":0,"y":0},"speed":0,"last_input_vector":{"_":"Vector3","x":0,"y":0},"health":100,"network_rotation_degrees":{"_":"Vector3","x":0,"y":0},"network_head_angle":0},"$":4243535642}}
{"frame_type":2,"tick":48,"start_time":1651880253171,"end_time":1651880253171,"duration":0.329,"log_type":1}
{"frame_type":1,"tick":49,"start_time":1651880253187,"input_complete_tick":50,"state_complete_tick":48,"rollback_ticks":9,"timings":{"rollback":0.95,"current_tick":0.085},"input_tick":51,"end_time":1651880253189,"duration":1.268,"log_type":1}
{"log_type":3,"tick":51,"input":{"1":{"/root/Main/ServerPlayer":{"mouse_motion":{"_":"Vector2","x":-2,"y":11}},"$":1008206713}}}
{"log_type":2,"tick":49,"state":{"/root/SyncManager/SpawnManager":{"spawn_records":{},"counter":{}},"/root/Main/ServerPlayer":{"position":{"_":"Vector3","x":0,"y":0},"speed":0,"last_input_vector":{"_":"Vector3","x":0,"y":0},"health":100,"network_rotation_degrees":{"_":"Vector3","x":0,"y":13.320002},"network_head_angle":7.59},"/root/Main/ClientPlayer":{"position":{"_":"Vector3","x":0,"y":0},"speed":0,"last_input_vector":{"_":"Vector3","x":0,"y":0},"health":100,"network_rotation_degrees":{"_":"Vector3","x":0,"y":0},"network_head_angle":0},"$":16109144}}
{"frame_type":2,"tick":49,"start_time":1651880253204,"end_time":1651880253205,"duration":0.344,"log_type":1}
{"frame_type":1,"tick":50,"start_time":1651880253221,"input_complete_tick":51,"state_complete_tick":49,"rollback_ticks":5,"timings":{"rollback":0.639,"current_tick":0.098},"input_tick":52,"end_time":1651880253222,"duration":1.011,"log_type":1}
{"log_type":3,"tick":52,"input":{"1":{"/root/Main/ServerPlayer":{"mouse_motion":{"_":"Vector2","x":0,"y":3}},"$":137851738}}}
{"log_type":2,"tick":50,"state":{"/root/SyncManager/SpawnManager":{"spawn_records":{},"counter":{}},"/root/Main/ServerPlayer":{"position":{"_":"Vector3","x":0,"y":0},"speed":0,"last_input_vector":{"_":"Vector3","x":0,"y":0},"health":100,"network_rotation_degrees":{"_":"Vector3","x":0,"y":13.350001},"network_head_angle":6.99},"/root/Main/ClientPlayer":{"position":{"_":"Vector3","x":0,"y":0},"speed":0,"last_input_vector":{"_":"Vector3","x":0,"y":0},"health":100,"network_rotation_degrees":{"_":"Vector3","x":0,"y":0},"network_head_angle":0},"$":618698929}}
{"frame_type":2,"tick":50,"start_time":1651880253239,"end_time":1651880253240,"duration":0.364,"log_type":1}
{"frame_type":1,"tick":51,"start_time":1651880253254,"input_complete_tick":52,"state_complete_tick":50,"rollback_ticks":4,"timings":{"rollback":0.731,"current_tick":0.097},"input_tick":53,"end_time":1651880253255,"duration":1.096,"log_type":1}
{"log_type":3,"tick":53,"input":{"1":{"/root/Main/ServerPlayer":{"mouse_motion":{"_":"Vector2","x":0,"y":1}},"$":405501338}}}
{"log_type":2,"tick":51,"state":{"/root/SyncManager/SpawnManager":{"spawn_records":{},"counter":{}},"/root/Main/ServerPlayer":{"position":{"_":"Vector3","x":0,"y":0},"speed":0,"last_input_vector":{"_":"Vector3","x":0,"y":0},"health":100,"network_rotation_degrees":{"_":"Vector3","x":0,"y":13.410002},"network_head_angle":6.66},"/root/Main/ClientPlayer":{"position":{"_":"Vector3","x":0,"y":0},"speed":0,"last_input_vector":{"_":"Vector3","x":0,"y":0},"health":100,"network_rotation_degrees":{"_":"Vector3","x":0,"y":0},"network_head_angle":0},"$":1010175270}}
{"frame_type":2,"tick":51,"start_time":1651880253271,"end_time":1651880253271,"duration":0.309,"log_type":1}
{"frame_type":1,"tick":52,"start_time":1651880253287,"input_complete_tick":53,"state_complete_tick":51,"rollback_ticks":2,"timings":{"rollback":0.29,"current_tick":0.095},"input_tick":54,"end_time":1651880253288,"duration":0.624,"log_type":1}
{"log_type":3,"tick":54,"input":{"1":{"/root/Main/ServerPlayer":{"mouse_motion":{"_":"Vector2","x":0,"y":2}},"$":1343101989}}}
{"log_type":2,"tick":52,"state":{"/root/SyncManager/SpawnManager":{"spawn_records":{},"counter":{}},"/root/Main/ServerPlayer":{"position":{"_":"Vector3","x":0,"y":0},"speed":0,"last_input_vector":{"_":"Vector3","x":0,"y":0},"health":100,"network_rotation_degrees":{"_":"Vector3","x":0,"y":13.410002},"network_head_angle":6.57},"/root/Main/ClientPlayer":{"position":{"_":"Vector3","x":0,"y":0},"speed":0,"last_input_vector":{"_":"Vector3","x":0,"y":0},"health":100,"network_rotation_degrees":{"_":"Vector3","x":0,"y":0},"network_head_angle":0},"$":3506572274}}
{"frame_type":2,"tick":52,"start_time":1651880253304,"end_time":1651880253304,"duration":0.348,"log_type":1}
{"frame_type":1,"tick":53,"start_time":1651880253321,"input_complete_tick":54,"state_complete_tick":52,"rollback_ticks":5,"timings":{"rollback":0.659,"current_tick":0.097},"input_tick":55,"end_time":1651880253322,"duration":1.035,"log_type":1}
{"log_type":3,"tick":55,"input":{"1":{"/root/Main/ServerPlayer":{"mouse_motion":{"_":"Vector2","x":0,"y":2}},"$":1343101989}}}
{"log_type":2,"tick":53,"state":{"/root/SyncManager/SpawnManager":{"spawn_records":{},"counter":{}},"/root/Main/ServerPlayer":{"position":{"_":"Vector3","x":0,"y":0},"speed":0,"last_input_vector":{"_":"Vector3","x":0,"y":0},"health":100,"network_rotation_degrees":{"_":"Vector3","x":0,"y":13.410002},"network_head_angle":6.54},"/root/Main/ClientPlayer":{"position":{"_":"Vector3","x":0,"y":0},"speed":0,"last_input_vector":{"_":"Vector3","x":0,"y":0},"health":100,"network_rotation_degrees":{"_":"Vector3","x":0,"y":0},"network_head_angle":0},"$":1390117147}}
{"frame_type":2,"tick":53,"start_time":1651880253338,"end_time":1651880253338,"duration":0.422,"log_type":1}
{"frame_type":1,"tick":54,"start_time":1651880253354,"input_complete_tick":55,"state_complete_tick":53,"rollback_ticks":4,"timings":{"rollback":0.542,"current_tick":0.097},"input_tick":56,"end_time":1651880253355,"duration":0.902,"log_type":1}
{"log_type":3,"tick":56,"input":{"1":{"/root/Main/ServerPlayer":{"mouse_motion":{"_":"Vector2","x":0,"y":1}},"$":405501338}}}
{"log_type":2,"tick":54,"state":{"/root/SyncManager/SpawnManager":{"spawn_records":{},"counter":{}},"/root/Main/ServerPlayer":{"position":{"_":"Vector3","x":0,"y":0},"speed":0,"last_input_vector":{"_":"Vector3","x":0,"y":0},"health":100,"network_rotation_degrees":{"_":"Vector3","x":0,"y":13.410002},"network_head_angle":6.48},"/root/Main/ClientPlayer":{"position":{"_":"Vector3","x":0,"y":0},"speed":0,"last_input_vector":{"_":"Vector3","x":0,"y":0},"health":100,"network_rotation_degrees":{"_":"Vector3","x":0,"y":0},"network_head_angle":0},"$":738390726}}
{"frame_type":2,"tick":54,"start_time":1651880253371,"end_time":1651880253371,"duration":0.352,"log_type":1}
{"frame_type":1,"tick":55,"start_time":1651880253387,"input_complete_tick":56,"state_complete_tick":54,"rollback_ticks":2,"timings":{"rollback":0.368,"current_tick":0.147},"input_tick":57,"end_time":1651880253388,"duration":0.987,"log_type":1}
{"log_type":3,"tick":57,"input":{"1":{"/root/Main/ServerPlayer":{"mouse_motion":{"_":"Vector2","x":0,"y":0}},"$":1525204176}}}
{"log_type":2,"tick":55,"state":{"/root/SyncManager/SpawnManager":{"spawn_records":{},"counter":{}},"/root/Main/ServerPlayer":{"position":{"_":"Vector3","x":0,"y":0},"speed":0,"last_input_vector":{"_":"Vector3","x":0,"y":0},"health":100,"network_rotation_degrees":{"_":"Vector3","x":0,"y":13.410002},"network_head_angle":6.42},"/root/Main/ClientPlayer":{"position":{"_":"Vector3","x":0,"y":0},"speed":0,"last_input_vector":{"_":"Vector3","x":0,"y":0},"health":100,"network_rotation_degrees":{"_":"Vector3","x":0,"y":0},"network_head_angle":0},"$":3461988116}}
{"frame_type":2,"tick":55,"start_time":1651880253404,"end_time":1651880253404,"duration":0.34,"log_type":1}
{"frame_type":1,"tick":56,"start_time":1651880253421,"input_complete_tick":57,"state_complete_tick":55,"rollback_ticks":1,"timings":{"rollback":0.255,"current_tick":0.103},"input_tick":58,"end_time":1651880253422,"duration":0.631,"log_type":1}
{"log_type":3,"tick":58,"input":{"1":{"/root/Main/ServerPlayer":{"mouse_motion":{"_":"Vector2","x":0,"y":1}},"$":405501338}}}
{"log_type":2,"tick":56,"state":{"/root/SyncManager/SpawnManager":{"spawn_records":{},"counter":{}},"/root/Main/ServerPlayer":{"position":{"_":"Vector3","x":0,"y":0},"speed":0,"last_input_vector":{"_":"Vector3","x":0,"y":0},"health":100,"network_rotation_degrees":{"_":"Vector3","x":0,"y":13.410002},"network_head_angle":6.39},"/root/Main/ClientPlayer":{"position":{"_":"Vector3","x":0,"y":0},"speed":0,"last_input_vector":{"_":"Vector3","x":0,"y":0},"health":100,"network_rotation_degrees":{"_":"Vector3","x":0,"y":0},"network_head_angle":0},"$":4208917901}}
{"frame_type":2,"tick":56,"start_time":1651880253437,"end_time":1651880253438,"duration":0.346,"log_type":1}
{"frame_type":1,"tick":57,"start_time":1651880253454,"input_complete_tick":58,"state_complete_tick":56,"rollback_ticks":2,"timings":{"rollback":0.362,"current_tick":0.111},"input_tick":59,"end_time":1651880253455,"duration":0.742,"log_type":1}
{"frame_type":1,"tick":58,"start_time":1651880253558,"input_complete_tick":58,"state_complete_tick":57,"rollback_ticks":7,"timings":{"rollback":0.749,"current_tick":0.098},"input_tick":60,"end_time":1651880253559,"duration":1.069,"log_type":1}
{"log_type":3,"tick":59,"input":{"1":{"/root/Main/ServerPlayer":{"mouse_motion":{"_":"Vector2","x":0,"y":0}},"$":1525204176}}}
{"log_type":3,"tick":60,"input":{"1":{"/root/Main/ServerPlayer":{"mouse_motion":{"_":"Vector2","x":0,"y":0}},"$":1525204176}}}
{"log_type":2,"tick":57,"state":{"/root/SyncManager/SpawnManager":{"spawn_records":{},"counter":{}},"/root/Main/ServerPlayer":{"position":{"_":"Vector3","x":0,"y":0},"speed":0,"last_input_vector":{"_":"Vector3","x":0,"y":0},"health":100,"network_rotation_degrees":{"_":"Vector3","x":0,"y":13.410002},"network_head_angle":6.39},"/root/Main/ClientPlayer":{"position":{"_":"Vector3","x":0,"y":0},"speed":0,"last_input_vector":{"_":"Vector3","x":0,"y":0},"health":100,"network_rotation_degrees":{"_":"Vector3","x":0,"y":0},"network_head_angle":0},"$":4208917901}}
{"log_type":2,"tick":58,"state":{"/root/SyncManager/SpawnManager":{"spawn_records":{},"counter":{}},"/root/Main/ServerPlayer":{"position":{"_":"Vector3","x":0,"y":0},"speed":0,"last_input_vector":{"_":"Vector3","x":0,"y":0},"health":100,"network_rotation_degrees":{"_":"Vector3","x":0,"y":13.410002},"network_head_angle":6.36},"/root/Main/ClientPlayer":{"position":{"_":"Vector3","x":0,"y":0},"speed":0,"last_input_vector":{"_":"Vector3","x":0,"y":0},"health":100,"network_rotation_degrees":{"_":"Vector3","x":0,"y":0},"network_head_angle":0},"$":372006103}}
{"frame_type":2,"tick":58,"start_time":1651880253559,"end_time":1651880253559,"duration":0.432,"log_type":1}
